0 info it worked if it ends with ok
1 verbose cli [ '/Users/heysj/.nvm/v0.10.28/bin/node',
1 verbose cli   '/Users/heysj/.nvm/v0.10.28/bin/npm',
1 verbose cli   'publish' ]
2 info using npm@1.4.9
3 info using node@v0.10.28
4 verbose publish [ '.' ]
5 verbose cache add [ '.', null ]
6 verbose cache add name=undefined spec="." args=[".",null]
7 verbose parsed url { protocol: null,
7 verbose parsed url   slashes: null,
7 verbose parsed url   auth: null,
7 verbose parsed url   host: null,
7 verbose parsed url   port: null,
7 verbose parsed url   hostname: null,
7 verbose parsed url   hash: null,
7 verbose parsed url   search: null,
7 verbose parsed url   query: null,
7 verbose parsed url   pathname: '.',
7 verbose parsed url   path: '.',
7 verbose parsed url   href: '.' }
8 silly lockFile 3a52ce78- .
9 verbose lock . /Users/heysj/.npm/3a52ce78-.lock
10 verbose tar pack [ '/var/folders/jq/3p6ycjdj5h51vz9klpp502fm6wfrvs/T/npm-16855-GC_gcn-8/1446173064927-0.3435775227844715/tmp.tgz',
10 verbose tar pack   '.' ]
11 verbose tarball /var/folders/jq/3p6ycjdj5h51vz9klpp502fm6wfrvs/T/npm-16855-GC_gcn-8/1446173064927-0.3435775227844715/tmp.tgz
12 verbose folder .
13 info prepublish pooty@1.0.0
14 silly lockFile 1f1177db-tar tar://.
15 verbose lock tar://. /Users/heysj/.npm/1f1177db-tar.lock
16 silly lockFile 3834351c-64927-0-3435775227844715-tmp-tgz tar:///var/folders/jq/3p6ycjdj5h51vz9klpp502fm6wfrvs/T/npm-16855-GC_gcn-8/1446173064927-0.3435775227844715/tmp.tgz
17 verbose lock tar:///var/folders/jq/3p6ycjdj5h51vz9klpp502fm6wfrvs/T/npm-16855-GC_gcn-8/1446173064927-0.3435775227844715/tmp.tgz /Users/heysj/.npm/3834351c-64927-0-3435775227844715-tmp-tgz.lock
18 silly lockFile 1f1177db-tar tar://.
19 silly lockFile 1f1177db-tar tar://.
20 silly lockFile 3834351c-64927-0-3435775227844715-tmp-tgz tar:///var/folders/jq/3p6ycjdj5h51vz9klpp502fm6wfrvs/T/npm-16855-GC_gcn-8/1446173064927-0.3435775227844715/tmp.tgz
21 silly lockFile 3834351c-64927-0-3435775227844715-tmp-tgz tar:///var/folders/jq/3p6ycjdj5h51vz9klpp502fm6wfrvs/T/npm-16855-GC_gcn-8/1446173064927-0.3435775227844715/tmp.tgz
22 verbose tar unpack /var/folders/jq/3p6ycjdj5h51vz9klpp502fm6wfrvs/T/npm-16855-GC_gcn-8/1446173064927-0.3435775227844715/tmp.tgz
23 silly lockFile a7e39e24-rs-heysj-npm-pooty-1-0-0-package tar:///Users/heysj/.npm/pooty/1.0.0/package
24 verbose lock tar:///Users/heysj/.npm/pooty/1.0.0/package /Users/heysj/.npm/a7e39e24-rs-heysj-npm-pooty-1-0-0-package.lock
25 silly lockFile 3834351c-64927-0-3435775227844715-tmp-tgz tar:///var/folders/jq/3p6ycjdj5h51vz9klpp502fm6wfrvs/T/npm-16855-GC_gcn-8/1446173064927-0.3435775227844715/tmp.tgz
26 verbose lock tar:///var/folders/jq/3p6ycjdj5h51vz9klpp502fm6wfrvs/T/npm-16855-GC_gcn-8/1446173064927-0.3435775227844715/tmp.tgz /Users/heysj/.npm/3834351c-64927-0-3435775227844715-tmp-tgz.lock
27 silly gunzTarPerm modes [ '755', '644' ]
28 silly gunzTarPerm extractEntry package.json
29 silly gunzTarPerm extractEntry .npmignore
30 silly gunzTarPerm extractEntry pooty.js
31 silly gunzTarPerm extractEntry readme.md
32 silly lockFile a7e39e24-rs-heysj-npm-pooty-1-0-0-package tar:///Users/heysj/.npm/pooty/1.0.0/package
33 silly lockFile a7e39e24-rs-heysj-npm-pooty-1-0-0-package tar:///Users/heysj/.npm/pooty/1.0.0/package
34 silly lockFile 3834351c-64927-0-3435775227844715-tmp-tgz tar:///var/folders/jq/3p6ycjdj5h51vz9klpp502fm6wfrvs/T/npm-16855-GC_gcn-8/1446173064927-0.3435775227844715/tmp.tgz
35 silly lockFile 3834351c-64927-0-3435775227844715-tmp-tgz tar:///var/folders/jq/3p6ycjdj5h51vz9klpp502fm6wfrvs/T/npm-16855-GC_gcn-8/1446173064927-0.3435775227844715/tmp.tgz
36 silly lockFile 3a52ce78- .
37 silly lockFile 3a52ce78- .
38 silly publish { name: 'pooty',
38 silly publish   version: '1.0.0',
38 silly publish   description: 'A simple TCP proxy',
38 silly publish   main: 'pooty.js',
38 silly publish   bin: { pooty: 'pooty.js' },
38 silly publish   keywords: [ 'tcp', 'proxy' ],
38 silly publish   author: { name: 'Jim Heys', email: 'jheys@swerv.com' },
38 silly publish   license: 'MIT',
38 silly publish   dependencies: { commander: '^2.9.0' },
38 silly publish   readme: 'A simple node-based TCP proxy. It may be useful in some other way, but its intended for easier node debugging\n\n## install\n\n`npm install -g pooty`\n\n## usage\n\n`pooty -h localhost -s 8585 -p 5858`',
38 silly publish   readmeFilename: 'readme.md',
38 silly publish   _id: 'pooty@1.0.0',
38 silly publish   _shasum: '614b23821cc672b8b168bff570068b8080b3ecf4',
38 silly publish   _from: '.' }
39 verbose url raw pooty
40 verbose url resolving [ 'https://registry.npmjs.org/', './pooty' ]
41 verbose url resolved https://registry.npmjs.org/pooty
42 info trying registry request attempt 1 at 22:44:24
43 http PUT https://registry.npmjs.org/pooty
44 http 403 https://registry.npmjs.org/pooty
45 verbose headers { 'content-type': 'application/json',
45 verbose headers   'cache-control': 'max-age=60',
45 verbose headers   'content-length': '128',
45 verbose headers   'accept-ranges': 'bytes',
45 verbose headers   date: 'Fri, 30 Oct 2015 02:44:27 GMT',
45 verbose headers   via: '1.1 varnish',
45 verbose headers   connection: 'keep-alive',
45 verbose headers   'x-served-by': 'cache-atl6234-ATL',
45 verbose headers   'x-cache': 'MISS',
45 verbose headers   'x-cache-hits': '0',
45 verbose headers   'x-timer': 'S1446173065.248146,VS0,VE1824' }
46 error publish Failed PUT 403
47 error Error: "You cannot publish over the previously published version 1.0.0. Try bumping the version to 2.0.0" : pooty
47 error     at RegClient.<anonymous> (/Users/heysj/.nvm/v0.10.28/lib/node_modules/npm/node_modules/npm-registry-client/lib/request.js:273:14)
47 error     at Request._callback (/Users/heysj/.nvm/v0.10.28/lib/node_modules/npm/node_modules/npm-registry-client/lib/request.js:211:65)
47 error     at Request.self.callback (/Users/heysj/.nvm/v0.10.28/lib/node_modules/npm/node_modules/request/request.js:123:22)
47 error     at Request.EventEmitter.emit (events.js:98:17)
47 error     at Request.<anonymous> (/Users/heysj/.nvm/v0.10.28/lib/node_modules/npm/node_modules/request/request.js:893:14)
47 error     at Request.EventEmitter.emit (events.js:117:20)
47 error     at IncomingMessage.<anonymous> (/Users/heysj/.nvm/v0.10.28/lib/node_modules/npm/node_modules/request/request.js:844:12)
47 error     at IncomingMessage.EventEmitter.emit (events.js:117:20)
47 error     at _stream_readable.js:919:16
47 error     at process._tickCallback (node.js:419:13)
48 error If you need help, you may report this *entire* log,
48 error including the npm and node versions, at:
48 error     <http://github.com/npm/npm/issues>
49 error System Darwin 14.5.0
50 error command "/Users/heysj/.nvm/v0.10.28/bin/node" "/Users/heysj/.nvm/v0.10.28/bin/npm" "publish"
51 error cwd /Users/heysj/git/hasbro/tcp-proxy
52 error node -v v0.10.28
53 error npm -v 1.4.9
54 verbose exit [ 1, true ]
